<?xml version="1.0" encoding="UTF-8"?>
<!-- Generated by org.testng.reporters.JUnitReportReporter -->
<testsuite hostname="DESKTOP-59FMM7T" failures="0" tests="7" name="testng.Test1" time="0.005" errors="0" timestamp="2022-12-01T20:35:13 IST" skipped="1">
  <testcase classname="testng.Test1" name="settings" time="0.001"/>
  <system-out>
    <![CDATA[settings]]>
  </system-out>
  <testcase classname="testng.Test1" name="settings" time="0.000"/>
  <system-out>
    <![CDATA[settings]]>
  </system-out>
  <testcase classname="testng.Test1" name="settings" time="0.001"/>
  <system-out>
    <![CDATA[settings]]>
  </system-out>
  <testcase classname="testng.Test1" name="settings" time="0.001"/>
  <system-out>
    <![CDATA[settings]]>
  </system-out>
  <testcase classname="testng.Test1" name="chats" time="0.000"/>
  <system-out>
    <![CDATA[chats]]>
  </system-out>
  <testcase classname="testng.Test1" name="chats" time="0.002"/>
  <system-out>
    <![CDATA[chats]]>
  </system-out>
  <testcase classname="testng.Test1" name="calls">
    <skipped/>
  </testcase> <!-- calls -->
  <system-out/>
</testsuite> <!-- testng.Test1 -->
