<?xml version="1.0" encoding="UTF-8"?>
<!-- Generated by org.testng.reporters.JUnitReportReporter -->
<testsuite hostname="DESKTOP-59FMM7T" failures="0" tests="1" name="testng.Test0" time="0.011" errors="0" timestamp="2022-12-01T20:35:13 IST" skipped="0">
  <testcase classname="testng.Test0" name="demo" time="0.011"/>
  <system-out>
    <![CDATA[hello java
hello selenium]]>
  </system-out>
</testsuite> <!-- testng.Test0 -->
